  sysinfo.cpp
v:\projects\systeminfo\systeminfo\systeminfo\sysinfo.cpp(212): warning C4996: '_swprintf': This function or variable may be unsafe. Consider using _swprintf_s instead. To disable deprecation, use _CRT_SECURE_NO_WARNINGS. See online help for details.
  c:\program files (x86)\windows kits\10\include\10.0.10240.0\ucrt\corecrt_wstdio.h(1444): note: see declaration of '_swprintf'
v:\projects\systeminfo\systeminfo\systeminfo\sysinfo.cpp(297): warning C4996: '_swprintf': This function or variable may be unsafe. Consider using _swprintf_s instead. To disable deprecation, use _CRT_SECURE_NO_WARNINGS. See online help for details.
  c:\program files (x86)\windows kits\10\include\10.0.10240.0\ucrt\corecrt_wstdio.h(1444): note: see declaration of '_swprintf'
v:\projects\systeminfo\systeminfo\systeminfo\sysinfo.cpp(284): warning C4101: 'capacityStrBuff': unreferenced local variable
v:\projects\systeminfo\systeminfo\systeminfo\sysinfo.cpp(283): warning C4101: 'capacityDouble': unreferenced local variable
v:\projects\systeminfo\systeminfo\systeminfo\sysinfo.cpp(282): warning C4101: 'capacity': unreferenced local variable
v:\projects\systeminfo\systeminfo\systeminfo\sysinfo.cpp(355): warning C4267: 'initializing': conversion from 'size_t' to 'int', possible loss of data
v:\projects\systeminfo\systeminfo\systeminfo\sysinfo.cpp(466): warning C4996: 'wcscpy': This function or variable may be unsafe. Consider using wcscpy_s instead. To disable deprecation, use _CRT_SECURE_NO_WARNINGS. See online help for details.
  c:\program files (x86)\windows kits\10\include\10.0.10240.0\ucrt\corecrt_wstring.h(121): note: see declaration of 'wcscpy'
v:\projects\systeminfo\systeminfo\systeminfo\sysinfo.cpp(467): warning C4996: 'swscanf': This function or variable may be unsafe. Consider using swscanf_s instead. To disable deprecation, use _CRT_SECURE_NO_WARNINGS. See online help for details.
  c:\program files (x86)\windows kits\10\include\10.0.10240.0\ucrt\corecrt_wstdio.h(2037): note: see declaration of 'swscanf'
v:\projects\systeminfo\systeminfo\systeminfo\sysinfo.cpp(476): warning C4996: '_swprintf': This function or variable may be unsafe. Consider using _swprintf_s instead. To disable deprecation, use _CRT_SECURE_NO_WARNINGS. See online help for details.
  c:\program files (x86)\windows kits\10\include\10.0.10240.0\ucrt\corecrt_wstdio.h(1444): note: see declaration of '_swprintf'
v:\projects\systeminfo\systeminfo\systeminfo\sysinfo.cpp(461): warning C4101: 'capacity': unreferenced local variable
v:\projects\systeminfo\systeminfo\systeminfo\sysinfo.cpp(532): warning C4996: '_swprintf': This function or variable may be unsafe. Consider using _swprintf_s instead. To disable deprecation, use _CRT_SECURE_NO_WARNINGS. See online help for details.
  c:\program files (x86)\windows kits\10\include\10.0.10240.0\ucrt\corecrt_wstdio.h(1444): note: see declaration of '_swprintf'
v:\projects\systeminfo\systeminfo\systeminfo\sysinfo.cpp(590): warning C4996: '_swprintf': This function or variable may be unsafe. Consider using _swprintf_s instead. To disable deprecation, use _CRT_SECURE_NO_WARNINGS. See online help for details.
  c:\program files (x86)\windows kits\10\include\10.0.10240.0\ucrt\corecrt_wstdio.h(1444): note: see declaration of '_swprintf'
v:\projects\systeminfo\systeminfo\systeminfo\sysinfo.cpp(708): warning C4244: '=': conversion from 'double' to 'UINT64', possible loss of data
v:\projects\systeminfo\systeminfo\systeminfo\sysinfo.cpp(695): warning C4101: 'capacity': unreferenced local variable
v:\projects\systeminfo\systeminfo\systeminfo\sysinfo.cpp(845): warning C4996: '_swprintf': This function or variable may be unsafe. Consider using _swprintf_s instead. To disable deprecation, use _CRT_SECURE_NO_WARNINGS. See online help for details.
  c:\program files (x86)\windows kits\10\include\10.0.10240.0\ucrt\corecrt_wstdio.h(1444): note: see declaration of '_swprintf'
v:\projects\systeminfo\systeminfo\systeminfo\sysinfo.cpp(848): warning C4996: '_swprintf': This function or variable may be unsafe. Consider using _swprintf_s instead. To disable deprecation, use _CRT_SECURE_NO_WARNINGS. See online help for details.
  c:\program files (x86)\windows kits\10\include\10.0.10240.0\ucrt\corecrt_wstdio.h(1444): note: see declaration of '_swprintf'
v:\projects\systeminfo\systeminfo\systeminfo\sysinfo.cpp(851): warning C4996: '_swprintf': This function or variable may be unsafe. Consider using _swprintf_s instead. To disable deprecation, use _CRT_SECURE_NO_WARNINGS. See online help for details.
  c:\program files (x86)\windows kits\10\include\10.0.10240.0\ucrt\corecrt_wstdio.h(1444): note: see declaration of '_swprintf'
v:\projects\systeminfo\systeminfo\systeminfo\sysinfo.cpp(854): warning C4996: '_swprintf': This function or variable may be unsafe. Consider using _swprintf_s instead. To disable deprecation, use _CRT_SECURE_NO_WARNINGS. See online help for details.
  c:\program files (x86)\windows kits\10\include\10.0.10240.0\ucrt\corecrt_wstdio.h(1444): note: see declaration of '_swprintf'
v:\projects\systeminfo\systeminfo\systeminfo\sysinfo.cpp(859): warning C4996: '_swprintf': This function or variable may be unsafe. Consider using _swprintf_s instead. To disable deprecation, use _CRT_SECURE_NO_WARNINGS. See online help for details.
  c:\program files (x86)\windows kits\10\include\10.0.10240.0\ucrt\corecrt_wstdio.h(1444): note: see declaration of '_swprintf'
v:\projects\systeminfo\systeminfo\systeminfo\sysinfo.cpp(862): warning C4996: '_swprintf': This function or variable may be unsafe. Consider using _swprintf_s instead. To disable deprecation, use _CRT_SECURE_NO_WARNINGS. See online help for details.
  c:\program files (x86)\windows kits\10\include\10.0.10240.0\ucrt\corecrt_wstdio.h(1444): note: see declaration of '_swprintf'
v:\projects\systeminfo\systeminfo\systeminfo\sysinfo.cpp(865): warning C4996: '_swprintf': This function or variable may be unsafe. Consider using _swprintf_s instead. To disable deprecation, use _CRT_SECURE_NO_WARNINGS. See online help for details.
  c:\program files (x86)\windows kits\10\include\10.0.10240.0\ucrt\corecrt_wstdio.h(1444): note: see declaration of '_swprintf'
v:\projects\systeminfo\systeminfo\systeminfo\sysinfo.cpp(825): warning C4101: 'vtProp': unreferenced local variable
  SystemInfo.vcxproj -> V:\Projects\SystemInfo\SystemInfo\x64\Debug\SystemInfo.exe
