v:\projects\systeminfo\systeminfo\systeminfo\release\vc140.pdb
v:\projects\systeminfo\systeminfo\systeminfo\release\utility.obj
v:\projects\systeminfo\systeminfo\systeminfo\release\systeminfo.obj
v:\projects\systeminfo\systeminfo\systeminfo\release\sysinfo.obj
v:\projects\systeminfo\systeminfo\systeminfo\release\mainwindowprocedure.obj
v:\projects\systeminfo\systeminfo\systeminfo\release\main.obj
v:\projects\systeminfo\systeminfo\systeminfo\release\globalvars.obj
v:\projects\systeminfo\systeminfo\systeminfo\release\convert.obj
v:\projects\systeminfo\systeminfo\systeminfo\release\mainmenu.obj
v:\projects\systeminfo\systeminfo\systeminfo\release\screencapture.obj
v:\projects\systeminfo\systeminfo\release\systeminfo.exe
v:\projects\systeminfo\systeminfo\release\systeminfo.ipdb
v:\projects\systeminfo\systeminfo\release\systeminfo.iobj
v:\projects\systeminfo\systeminfo\release\systeminfo.pdb
v:\projects\systeminfo\systeminfo\systeminfo\release\systeminfo.res
v:\projects\systeminfo\systeminfo\systeminfo\release\systeminfo.tlog\cl.command.1.tlog
v:\projects\systeminfo\systeminfo\systeminfo\release\systeminfo.tlog\cl.read.1.tlog
v:\projects\systeminfo\systeminfo\systeminfo\release\systeminfo.tlog\cl.write.1.tlog
v:\projects\systeminfo\systeminfo\systeminfo\release\systeminfo.tlog\link.command.1.tlog
v:\projects\systeminfo\systeminfo\systeminfo\release\systeminfo.tlog\link.read.1.tlog
v:\projects\systeminfo\systeminfo\systeminfo\release\systeminfo.tlog\link.write.1.tlog
v:\projects\systeminfo\systeminfo\systeminfo\release\systeminfo.tlog\rc.command.1.tlog
v:\projects\systeminfo\systeminfo\systeminfo\release\systeminfo.tlog\rc.read.1.tlog
v:\projects\systeminfo\systeminfo\systeminfo\release\systeminfo.tlog\rc.write.1.tlog
